<?xml version="1.0" encoding="UTF-8"?>
<!-- Generated by org.testng.reporters.JUnitReportReporter -->
<testsuite hostname="DESKTOP-J8NV5FD" failures="0" tests="1" name="day19.demo4" time="11.794" errors="0" timestamp="2023-05-02T11:29:48 IST" skipped="0">
  <testcase classname="day19.demo4" name="testA" time="11.794"/>
  <system-out/>
</testsuite> <!-- day19.demo4 -->
